
> challenge@1.0.4 prestart C:\Users\Roman\OneDrive\Desktop\Bachelorarbeit\jass-server-ui-4
> npm run build


> challenge@1.0.4 prebuild C:\Users\Roman\OneDrive\Desktop\Bachelorarbeit\jass-server-ui-4
> npm run clean


> challenge@1.0.4 clean C:\Users\Roman\OneDrive\Desktop\Bachelorarbeit\jass-server-ui-4
> rimraf build && mkdirp build/server && mkdirp build/client && mkdirp build/bot


> challenge@1.0.4 build C:\Users\Roman\OneDrive\Desktop\Bachelorarbeit\jass-server-ui-4
> run-p build:js:backend build:js:frontend build:css build:resources build:js:bot

events.js:377
      throw er; // Unhandled 'error' event
      ^

Error: EPERM: operation not permitted, read
Emitted 'error' event on ReadStream instance at:
    at internal/fs/streams.js:173:14
    at FSReqCallback.wrapper [as oncomplete] (fs.js:561:5) {
  errno: -4048,
  code: 'EPERM',
  syscall: 'read'
}
npm ERR! code ELIFECYCLE
npm ERR! errno 1
npm ERR! challenge@1.0.4 build: `run-p build:js:backend build:js:frontend build:css build:resources build:js:bot`
npm ERR! Exit status 1
npm ERR! 
npm ERR! Failed at the challenge@1.0.4 build script.
npm ERR! This is probably not a problem with npm. There is likely additional logging output above.

npm ERR! A complete log of this run can be found in:
npm ERR!     C:\Users\Roman\AppData\Roaming\npm-cache\_logs\2022-09-16T13_59_22_426Z-debug.log
npm ERR! code ELIFECYCLE
npm ERR! errno 1
npm ERR! challenge@1.0.4 prestart: `npm run build`
npm ERR! Exit status 1
npm ERR! 
npm ERR! Failed at the challenge@1.0.4 prestart script.
npm ERR! This is probably not a problem with npm. There is likely additional logging output above.

npm ERR! A complete log of this run can be found in:
npm ERR!     C:\Users\Roman\AppData\Roaming\npm-cache\_logs\2022-09-16T13_59_22_456Z-debug.log
